<?xml version="1.0" encoding="UTF-8" ?>
<testsuite tests="2" failures="0" name="com.haozai.ServerTest" time="0.002" errors="0" skipped="0">
  <properties>
    <property name="java.runtime.name" value="Java(TM) SE Runtime Environment"/>
    <property name="sun.boot.library.path" value="D:\javaDevInstall\jdk\jdk\jre\bin"/>
    <property name="java.vm.version" value="25.131-b11"/>
    <property name="java.vm.vendor" value="Oracle Corporation"/>
    <property name="maven.multiModuleProjectDirectory" value="G:\git\RemoteController"/>
    <property name="java.vendor.url" value="http://java.oracle.com/"/>
    <property name="path.separator" value=";"/>
    <property name="guice.disable.misplaced.annotation.check" value="true"/>
    <property name="java.vm.name" value="Java HotSpot(TM) 64-Bit Server VM"/>
    <property name="file.encoding.pkg" value="sun.io"/>
    <property name="user.script" value=""/>
    <property name="user.country" value="CN"/>
    <property name="sun.java.launcher" value="SUN_STANDARD"/>
    <property name="sun.os.patch.level" value=""/>
    <property name="java.vm.specification.name" value="Java Virtual Machine Specification"/>
    <property name="user.dir" value="G:\git\RemoteController"/>
    <property name="java.runtime.version" value="1.8.0_131-b11"/>
    <property name="java.awt.graphicsenv" value="sun.awt.Win32GraphicsEnvironment"/>
    <property name="java.endorsed.dirs" value="D:\javaDevInstall\jdk\jdk\jre\lib\endorsed"/>
    <property name="os.arch" value="amd64"/>
    <property name="java.io.tmpdir" value="C:\Users\ADMINI~1\AppData\Local\Temp\"/>
    <property name="line.separator" value="
"/>
    <property name="java.vm.specification.vendor" value="Oracle Corporation"/>
    <property name="user.variant" value=""/>
    <property name="os.name" value="Windows 10"/>
    <property name="idea.version2020.1" value="true"/>
    <property name="maven.ext.class.path" value="D:\javaDevInstall\idea\installed\IntelliJ IDEA 2020.1\plugins\maven\lib\maven-event-listener.jar"/>
    <property name="classworlds.conf" value="D:\javaDevInstall\maven\apache-maven-3.8.3-bin\apache-maven-3.8.3\bin\m2.conf"/>
    <property name="sun.jnu.encoding" value="GBK"/>
    <property name="java.library.path" value="D:\javaDevInstall\jdk\jdk\bin;C:\Windows\Sun\Java\bin;C:\Windows\system32;C:\Windows;E:\soft\vstart\installed;E:\soft\vstart\installed;D:\VMware\installed\bin\;D:\pythonDevInstall\python3;D:\anaconda3\installed;D:\anaconda3\installed\Library\mingw-w64\bin;D:\anaconda3\installed\Library\usr\bin;D:\anaconda3\installed\Library\bin;D:\anaconda3\installed\Scripts;C:\Windows\system32;C:\Windows;C:\Windows\System32\Wbem;C:\Windows\System32\WindowsPowerShell\v1.0\;C:\Windows\System32\OpenSSH\;D:\javaDevInstall\jdk\jdk\bin;D:\pythonDevInstall\python2;D:\pythonDevInstall\python2\Scripts;D:\pythonDevInstall\python3\Scripts;C:\Program Files\Microsoft SQL Server\130\Tools\Binn\;D:\javaDevInstall\maven\apache-maven-3.8.3-bin\apache-maven-3.8.3\bin;D:\javaDevInstall\mysql\mysql-8.0.27-winx64\bin;D:\javaDevInstall\git\Git\cmd;E:\blog\;C:\Program Files (x86)\Microsoft SQL Server\150\DTS\Binn\;C:\Program Files\Microsoft SQL Server\Client SDK\ODBC\170\Tools\Binn\;C:\Program Files (x86)\Microsoft SQL Server\150\Tools\Binn\;C:\Program Files\Microsoft SQL Server\150\Tools\Binn\;C:\Program Files\Microsoft SQL Server\150\DTS\Binn\;E:\soft\Xshell7\Xshell_7.0\;E:\code\Ethereum\softWare\1.8gethInstalled;E:\soft\go\installGo\bin;D:\wechatApp\installed\微信web开发者工具\dll;D:\anaconda3\installed\Lib\site-packages\graphviz\bin\dot.exe;D:\javaDevInstall\androidStudio\SDK\platform-tools;D:\javaDevInstall\androidStudio\SDK\tools;D:\AndrodTools\android-ndk-r10e-windows-x86_64\android-ndk-r10e;C:\Program Files\dotnet\;D:\Xftp\installed\;C:\Users\Administrator\AppData\Local\Microsoft\WindowsApps;D:\javaDevInstall\idea\installed\IntelliJ IDEA 2020.1\bin;;D:\pythonDevInstall\VScode\Microsoft VS Code\bin;C:\Users\Administrator\AppData\Roaming\npm;E:\blog\node_global;C:\Program Files\Azure Data Studio\bin;C:\Users\Administrator\go\bin;D:\anaconda3\installed\Lib\site-packages\graphviz\bin;D:\webStorm\installed\WebStorm 2020.1\bin;;C:\Users\Administrator\AppData\Local\GitHubDesktop\bin;."/>
    <property name="maven.conf" value="D:\javaDevInstall\maven\apache-maven-3.8.3-bin\apache-maven-3.8.3/conf"/>
    <property name="java.specification.name" value="Java Platform API Specification"/>
    <property name="java.class.version" value="52.0"/>
    <property name="sun.management.compiler" value="HotSpot 64-Bit Tiered Compilers"/>
    <property name="maven.repo.local" value="D:\javaDevInstall\maven\repo"/>
    <property name="os.version" value="10.0"/>
    <property name="user.home" value="C:\Users\Administrator"/>
    <property name="user.timezone" value="Asia/Shanghai"/>
    <property name="java.awt.printerjob" value="sun.awt.windows.WPrinterJob"/>
    <property name="java.specification.version" value="1.8"/>
    <property name="file.encoding" value="UTF-8"/>
    <property name="user.name" value="Administrator"/>
    <property name="java.class.path" value="D:\javaDevInstall\maven\apache-maven-3.8.3-bin\apache-maven-3.8.3\boot\plexus-classworlds-2.6.0.jar;D:\javaDevInstall\maven\apache-maven-3.8.3-bin\apache-maven-3.8.3\boot\plexus-classworlds.license;D:\javaDevInstall\idea\installed\IntelliJ IDEA 2020.1\lib\idea_rt.jar"/>
    <property name="java.vm.specification.version" value="1.8"/>
    <property name="sun.arch.data.model" value="64"/>
    <property name="java.home" value="D:\javaDevInstall\jdk\jdk\jre"/>
    <property name="sun.java.command" value="org.codehaus.classworlds.Launcher -Didea.version2020.1 -s D:\javaDevInstall\maven\apache-maven-3.8.3-bin\apache-maven-3.8.3\conf\settings.xml -Dmaven.repo.local=D:\javaDevInstall\maven\repo package"/>
    <property name="java.specification.vendor" value="Oracle Corporation"/>
    <property name="user.language" value="zh"/>
    <property name="awt.toolkit" value="sun.awt.windows.WToolkit"/>
    <property name="java.vm.info" value="mixed mode"/>
    <property name="java.version" value="1.8.0_131"/>
    <property name="java.ext.dirs" value="D:\javaDevInstall\jdk\jdk\jre\lib\ext;C:\Windows\Sun\Java\lib\ext"/>
    <property name="sun.boot.class.path" value="D:\javaDevInstall\jdk\jdk\jre\lib\resources.jar;D:\javaDevInstall\jdk\jdk\jre\lib\rt.jar;D:\javaDevInstall\jdk\jdk\jre\lib\sunrsasign.jar;D:\javaDevInstall\jdk\jdk\jre\lib\jsse.jar;D:\javaDevInstall\jdk\jdk\jre\lib\jce.jar;D:\javaDevInstall\jdk\jdk\jre\lib\charsets.jar;D:\javaDevInstall\jdk\jdk\jre\lib\jfr.jar;D:\javaDevInstall\jdk\jdk\jre\classes"/>
    <property name="java.vendor" value="Oracle Corporation"/>
    <property name="maven.home" value="D:\javaDevInstall\maven\apache-maven-3.8.3-bin\apache-maven-3.8.3"/>
    <property name="file.separator" value="\"/>
    <property name="java.vendor.url.bug" value="http://bugreport.sun.com/bugreport/"/>
    <property name="sun.cpu.endian" value="little"/>
    <property name="sun.io.unicode.encoding" value="UnicodeLittle"/>
    <property name="sun.desktop" value="windows"/>
    <property name="sun.cpu.isalist" value="amd64"/>
  </properties>
  <testcase classname="com.haozai.ServerTest" name="test1" time="0.002"/>
  <testcase classname="com.haozai.ServerTest" name="test2" time="0"/>
</testsuite>